DEBUG: arguments:
{'--a': None,
 '--access-log': None,
 '--config': '/data/app/bvc_cdn_cache_ngx_lua/nginx.conf',
 '--debug': True,
 '--filter': None,
 '--group-by': 'request_path',
 '--having': '1',
 '--help': False,
 '--interval': '0.1',
 '--limit': '40',
 '--log-format': 'combined',
 '--no-follow': False,
 '--order-by': 'count',
 '--pre-filter': None,
 '--verbose': False,
 '--version': False,
 '<query>': [],
 '<var>': [],
 'avg': False,
 'info': False,
 'print': False,
 'query': False,
 'sum': False,
 'top': False}
INFO: access_log: /dev/shm/logger
INFO: log_format: {'mincdn_cache_miss_log': '$http_host||$remote_addr||$msec||$status||$request_length||$bytes_sent||"$request"||"$http_referer"||"$http_user_agent"||$request_time||$cookie_DedeUserID.$cookie_sid$sent_http_logdata||MISS', 'mincdn_log': '$http_host||$forward_ip||$msec||$status||$request_length||$bytes_sent||"$request"||"$http_referer"||"$http_user_agent"||$upstream_cache_status||$upstream_status||$request_time||$cookie_DedeUserID.$cookie_sid$sent_http_logdata||$upstream_response_time||$upstream_addr', 'mincdn_cache_log': '$http_host||$remote_addr||$msec||$status||$request_length||$bytes_sent||"$request"||"$http_referer"||"$http_user_agent"||$upstream_status||$request_time||$cookie_DedeUserID.$cookie_sid$sent_http_logdata||$upstream_response_time||cache', 'mincdn_cache_hit_log': '$http_host||$remote_addr||$msec||$status||$request_length||$bytes_sent||"$request"||"$http_referer"||"$http_user_agent"||$request_time||$cookie_DedeUserID.$cookie_sid$sent_http_logdata||HIT'}
INFO: query for "Summary:":
 SELECT
       count(1)                                    AS count,
       avg(bytes_sent)                             AS avg_bytes_sent,
       count(CASE WHEN status_type = 2 THEN 1 END) AS '2xx',
       count(CASE WHEN status_type = 3 THEN 1 END) AS '3xx',
       count(CASE WHEN status_type = 4 THEN 1 END) AS '4xx',
       count(CASE WHEN status_type = 5 THEN 1 END) AS '5xx'
     FROM log
     ORDER BY count DESC
     LIMIT 40
INFO: query for "Detailed:":
 SELECT
       request_path,
       count(1)                                    AS count,
       avg(bytes_sent)                             AS avg_bytes_sent,
       count(CASE WHEN status_type = 2 THEN 1 END) AS '2xx',
       count(CASE WHEN status_type = 3 THEN 1 END) AS '3xx',
       count(CASE WHEN status_type = 4 THEN 1 END) AS '4xx',
       count(CASE WHEN status_type = 5 THEN 1 END) AS '5xx'
     FROM log
     GROUP BY request_path
     HAVING 1
     ORDER BY count DESC
     LIMIT 40
INFO: sqlite init: create table log (bytes_sent,status_type,request_path)
INFO: sqlite insert: insert into log (bytes_sent,status_type,request_path) values (:bytes_sent,:status_type,:request_path)
INFO: record[status]: 206
INFO: record[status]: 400
INFO: record[status]: 206
INFO: record[status]: 206
INFO: record[status]: 206
INFO: record[status]: 206
INFO: record[status]: 400
INFO: record[status]: 206
INFO: record[status]: 206
INFO: record[status]: 206
INFO: record[status]: 206
INFO: record[status]: 206
INFO: record[status]: 200
INFO: record[status]: 206
INFO: record[status]: 206
INFO: record[status]: 206
INFO: record[status]: 206
INFO: record[status]: 403
INFO: record[status]: 206
INFO: record[status]: 200
INFO: record[status]: 206
INFO: record[status]: 206
INFO: record[status]: 206
INFO: record[status]: 206
INFO: record[status]: 200
INFO: record[status]: 206
INFO: record[status]: 206
INFO: record[status]: 403
INFO: record[status]: 206
INFO: record[status]: 206
INFO: record[status]: 206
INFO: record[status]: 206
INFO: record[status]: 206
INFO: record[status]: 206
INFO: record[status]: 206
INFO: record[status]: 403
INFO: record[status]: 206
INFO: record[status]: 200
INFO: record[status]: 403
INFO: record[status]: 206
INFO: record[status]: 206
INFO: record[status]: 206
INFO: record[status]: 206
INFO: record[status]: 206
INFO: record[status]: 206
INFO: record[status]: 206
INFO: record[status]: 206
INFO: record[status]: 206
INFO: record[status]: 206
INFO: record[status]: 206
INFO: record[status]: 206
INFO: record[status]: 206
INFO: record[status]: 206
INFO: record[status]: 206
INFO: record[status]: 206
INFO: record[status]: 206
INFO: record[status]: 206
INFO: record[status]: 400
INFO: record[status]: 206
INFO: record[status]: 206
INFO: record[status]: 206
INFO: record[status]: 206
INFO: record[status]: 206
INFO: record[status]: 206
INFO: record[status]: 206
INFO: record[status]: 206
INFO: record[status]: 206
INFO: record[status]: 206
INFO: record[status]: 206
INFO: record[status]: 206
INFO: record[status]: 206
INFO: record[status]: 206
INFO: record[status]: 206
INFO: record[status]: 206
INFO: record[status]: 206
INFO: record[status]: 206
INFO: record[status]: 206
INFO: record[status]: 206
INFO: record[status]: 206
INFO: record[status]: 206
INFO: record[status]: 200
INFO: record[status]: 400
INFO: record[status]: 403
INFO: record[status]: 400
INFO: record[status]: 206
INFO: record[status]: 206
INFO: record[status]: 206
INFO: record[status]: 206
INFO: record[status]: 403
INFO: record[status]: 206
INFO: record[status]: 206
INFO: record[status]: 206
INFO: record[status]: 206
INFO: record[status]: 206
INFO: record[status]: 206
INFO: record[status]: 206
INFO: record[status]: 206
INFO: record[status]: 206
INFO: record[status]: 206
INFO: record[status]: 206
INFO: record[status]: 400
INFO: record[status]: 206
INFO: record[status]: 206
INFO: record[status]: 200
INFO: record[status]: 206
INFO: record[status]: 206
INFO: record[status]: 206
INFO: record[status]: 206
INFO: record[status]: 206
INFO: record[status]: 400
INFO: record[status]: 206
INFO: record[status]: 206
INFO: record[status]: 400
INFO: record[status]: 206
INFO: record[status]: 206
INFO: record[status]: 200
INFO: record[status]: 206
INFO: record[status]: 206
INFO: record[status]: 206
INFO: record[status]: 200
INFO: record[status]: 206
INFO: record[status]: 206
INFO: record[status]: 206
INFO: record[status]: 206
INFO: record[status]: 200
INFO: record[status]: 206
INFO: record[status]: 206
INFO: record[status]: 206
INFO: record[status]: 206
INFO: record[status]: 206
INFO: record[status]: 206
INFO: record[status]: 400
INFO: record[status]: 206
INFO: record[status]: 200
INFO: record[status]: 206
INFO: record[status]: 206
INFO: record[status]: 206
INFO: record[status]: 206
INFO: record[status]: 206
INFO: record[status]: 206
INFO: record[status]: 206
INFO: record[status]: 206
INFO: record[status]: 206
INFO: record[status]: 200
INFO: record[status]: 206
INFO: record[status]: 206
INFO: record[status]: 400
INFO: record[status]: 206
INFO: record[status]: 206
INFO: record[status]: 206
INFO: record[status]: 206
INFO: record[status]: 206
INFO: record[status]: 400
INFO: record[status]: 200
INFO: record[status]: 206
INFO: record[status]: 206
INFO: record[status]: 206
INFO: record[status]: 400
INFO: record[status]: 206
INFO: record[status]: 206
INFO: record[status]: 200
INFO: record[status]: 206
INFO: record[status]: 200
INFO: record[status]: 206
INFO: record[status]: 206
INFO: record[status]: 206
INFO: record[status]: 206
INFO: record[status]: 206
INFO: record[status]: 206
INFO: record[status]: 206
INFO: record[status]: 206
INFO: record[status]: 206
INFO: record[status]: 206
INFO: record[status]: 206
INFO: record[status]: 206
INFO: record[status]: 200
INFO: record[status]: 206
INFO: record[status]: 206
INFO: record[status]: 206
INFO: record[status]: 206
INFO: record[status]: 206
INFO: record[status]: 206
INFO: record[status]: 206
INFO: record[status]: 206
INFO: record[status]: 206
INFO: record[status]: 206
INFO: record[status]: 206
INFO: record[status]: 206
INFO: record[status]: 206
INFO: record[status]: 206
INFO: record[status]: 206
INFO: record[status]: 206
INFO: record[status]: 206
INFO: record[status]: 403
INFO: record[status]: 206
INFO: record[status]: 206
INFO: record[status]: 206
INFO: record[status]: 206
INFO: record[status]: 206
INFO: record[status]: 200
INFO: record[status]: 206
INFO: record[status]: 206
INFO: record[status]: 206
INFO: record[status]: 206
INFO: record[status]: 200
INFO: record[status]: 206
INFO: record[status]: 206
INFO: record[status]: 206
INFO: record[status]: 400
INFO: record[status]: 206
INFO: record[status]: 206
INFO: record[status]: 200
INFO: record[status]: 206
INFO: record[status]: 206
INFO: record[status]: 206
INFO: record[status]: 206
INFO: record[status]: 200
INFO: record[status]: 206
INFO: record[status]: 206
INFO: record[status]: 200
INFO: record[status]: 403
INFO: record[status]: 206
INFO: record[status]: 206
INFO: record[status]: 206
INFO: record[status]: 206
INFO: record[status]: 206
INFO: record[status]: 206
INFO: record[status]: 206
INFO: record[status]: 403
INFO: record[status]: 206
INFO: record[status]: 206
INFO: record[status]: 206
INFO: record[status]: 200
INFO: record[status]: 206
INFO: record[status]: 206
INFO: record[status]: 403
INFO: record[status]: 206
INFO: record[status]: 403
INFO: record[status]: 206
INFO: record[status]: 206
INFO: record[status]: 206
INFO: record[status]: 206
INFO: record[status]: 200
INFO: record[status]: 206
INFO: record[status]: 206
INFO: record[status]: 206
INFO: record[status]: 206
INFO: record[status]: 206
INFO: record[status]: 400
INFO: record[status]: 206
INFO: record[status]: 206
INFO: record[status]: 206
INFO: record[status]: 206
INFO: record[status]: 206
INFO: record[status]: 206
INFO: record[status]: 206
INFO: record[status]: 206
INFO: record[status]: 206
INFO: record[status]: 200
INFO: record[status]: 206
INFO: record[status]: 206
INFO: record[status]: 206
INFO: record[status]: 206
INFO: record[status]: 206
INFO: record[status]: 206
INFO: record[status]: 403
INFO: record[status]: 206
INFO: record[status]: 206
INFO: record[status]: 200
INFO: record[status]: 206
INFO: record[status]: 200
INFO: record[status]: 206
INFO: record[status]: 200
INFO: record[status]: 206
INFO: record[status]: 206
INFO: record[status]: 200
INFO: record[status]: 206
INFO: record[status]: 206
INFO: record[status]: 200
INFO: record[status]: 206
INFO: record[status]: 206
INFO: record[status]: 206
INFO: record[status]: 206
INFO: record[status]: 206
INFO: record[status]: 206
INFO: record[status]: 400
INFO: record[status]: 206
INFO: record[status]: 206
INFO: record[status]: 206
INFO: record[status]: 206
INFO: record[status]: 206
INFO: record[status]: 206
INFO: record[status]: 206
INFO: record[status]: 206
INFO: record[status]: 206
INFO: record[status]: 206
INFO: record[status]: 206
INFO: record[status]: 206
INFO: record[status]: 206
INFO: record[status]: 206
INFO: record[status]: 403
INFO: record[status]: 206
INFO: record[status]: 206
INFO: record[status]: 206
INFO: record[status]: 206
INFO: record[status]: 206
INFO: record[status]: 200
INFO: record[status]: 400
INFO: record[status]: 206
INFO: record[status]: 403
INFO: record[status]: 206
INFO: record[status]: 206
INFO: record[status]: 206
INFO: record[status]: 206
INFO: record[status]: 206
INFO: record[status]: 206
INFO: record[status]: 206
INFO: record[status]: 206
INFO: record[status]: 403
INFO: record[status]: 206
INFO: record[status]: 206
INFO: record[status]: 206
INFO: record[status]: 200
INFO: record[status]: 206
INFO: record[status]: 206
INFO: record[status]: 206
INFO: record[status]: 206
INFO: record[status]: 206
INFO: record[status]: 206
INFO: record[status]: 206
INFO: record[status]: 206
INFO: record[status]: 206
INFO: record[status]: 200
INFO: record[status]: 206
INFO: record[status]: 206
INFO: record[status]: 206
INFO: record[status]: 206
INFO: record[status]: 206
INFO: record[status]: 206
INFO: record[status]: 206
INFO: record[status]: 206
INFO: record[status]: 206
INFO: record[status]: 206
INFO: record[status]: 206
INFO: record[status]: 206
INFO: record[status]: 206
INFO: record[status]: 206
INFO: record[status]: 206
INFO: record[status]: 403
INFO: record[status]: 206
INFO: record[status]: 206
INFO: record[status]: 200
INFO: record[status]: 200
INFO: record[status]: 400
INFO: record[status]: 403
INFO: record[status]: 206
INFO: record[status]: 200
INFO: record[status]: 206
INFO: record[status]: 206
INFO: record[status]: 206
INFO: record[status]: 206
INFO: record[status]: 206
INFO: record[status]: 206
INFO: record[status]: 206
INFO: record[status]: 206
INFO: record[status]: 206
INFO: record[status]: 206
INFO: record[status]: 206
INFO: record[status]: 206
INFO: record[status]: 206
INFO: record[status]: 206
INFO: record[status]: 206
INFO: record[status]: 206
INFO: record[status]: 206
INFO: record[status]: 206
INFO: record[status]: 206
INFO: record[status]: 206
INFO: record[status]: 200
INFO: record[status]: 206
INFO: record[status]: 206
INFO: record[status]: 206
INFO: record[status]: 206
